01-Apr-2019 11:48:36.184 INFO [main] org.apache.catalina.core.StandardServer.await A valid shutdown command was received via the shutdown port. Stopping the Server instance.
01-Apr-2019 11:48:36.184 INFO [main] org.apache.coyote.AbstractProtocol.pause Pausing ProtocolHandler ["http-nio-8081"]
01-Apr-2019 11:48:36.235 INFO [main] org.apache.coyote.AbstractProtocol.pause Pausing ProtocolHandler ["ajp-nio-8009"]
01-Apr-2019 11:48:36.288 INFO [main] org.apache.catalina.core.StandardService.stopInternal Stopping service Catalina
01-Apr-2019 11:48:37.243 WARNING [localhost-startStop-2] org.apache.catalina.loader.WebappClassLoaderBase.clearReferencesJdbc The web application [advance-1.0.1] registered the JDBC driver [com.alibaba.druid.proxy.DruidDriver] but failed to unregister it when the web application was stopped. To prevent a memory leak, the JDBC Driver has been forcibly unregistered.
01-Apr-2019 11:48:37.243 WARNING [localhost-startStop-2] org.apache.catalina.loader.WebappClassLoaderBase.clearReferencesJdbc The web application [advance-1.0.1] registered the JDBC driver [com.mysql.jdbc.Driver] but failed to unregister it when the web application was stopped. To prevent a memory leak, the JDBC Driver has been forcibly unregistered.
01-Apr-2019 11:48:37.254 WARNING [localhost-startStop-2] org.apache.catalina.loader.WebappClassLoaderBase.clearReferencesThreads The web application [advance-1.0.1] appears to have started a thread named [Abandoned connection cleanup thread] but has failed to stop it. This is very likely to create a memory leak. Stack trace of thread:
 java.lang.Object.wait(Native Method)
 java.lang.ref.ReferenceQueue.remove(ReferenceQueue.java:144)
 com.mysql.jdbc.AbandonedConnectionCleanupThread.run(AbandonedConnectionCleanupThread.java:43)
01-Apr-2019 11:48:37.259 INFO [main] org.apache.coyote.AbstractProtocol.stop Stopping ProtocolHandler ["http-nio-8081"]
01-Apr-2019 11:48:37.305 INFO [main] org.apache.coyote.AbstractProtocol.stop Stopping ProtocolHandler ["ajp-nio-8009"]
01-Apr-2019 11:48:37.402 INFO [main] org.apache.coyote.AbstractProtocol.destroy Destroying ProtocolHandler ["http-nio-8081"]
01-Apr-2019 11:48:37.508 INFO [main] org.apache.coyote.AbstractProtocol.destroy Destroying ProtocolHandler ["ajp-nio-8009"]
01-Apr-2019 11:48:38.737 INFO [main] org.apache.catalina.startup.VersionLoggerListener.log Server version:        Apache Tomcat/8.0.36
01-Apr-2019 11:48:38.738 INFO [main] org.apache.catalina.startup.VersionLoggerListener.log Server built:          Jun 9 2016 13:55:50 UTC
01-Apr-2019 11:48:38.738 INFO [main] org.apache.catalina.startup.VersionLoggerListener.log Server number:         8.0.36.0
01-Apr-2019 11:48:38.738 INFO [main] org.apache.catalina.startup.VersionLoggerListener.log OS Name:               Linux
01-Apr-2019 11:48:38.738 INFO [main] org.apache.catalina.startup.VersionLoggerListener.log OS Version:            3.10.0-957.5.1.el7.x86_64
01-Apr-2019 11:48:38.738 INFO [main] org.apache.catalina.startup.VersionLoggerListener.log Architecture:          amd64
01-Apr-2019 11:48:38.738 INFO [main] org.apache.catalina.startup.VersionLoggerListener.log Java Home:             /usr/local/java-1.8.0/jre
01-Apr-2019 11:48:38.739 INFO [main] org.apache.catalina.startup.VersionLoggerListener.log JVM Version:           1.8.0_201-b09
01-Apr-2019 11:48:38.739 INFO [main] org.apache.catalina.startup.VersionLoggerListener.log JVM Vendor:            Oracle Corporation
01-Apr-2019 11:48:38.739 INFO [main] org.apache.catalina.startup.VersionLoggerListener.log CATALINA_BASE:         /www/tomcat
01-Apr-2019 11:48:38.739 INFO [main] org.apache.catalina.startup.VersionLoggerListener.log CATALINA_HOME:         /www/tomcat
01-Apr-2019 11:48:38.739 INFO [main] org.apache.catalina.startup.VersionLoggerListener.log Command line argument: -Djava.util.logging.config.file=/www/tomcat/conf/logging.properties
01-Apr-2019 11:48:38.739 INFO [main] org.apache.catalina.startup.VersionLoggerListener.log Command line argument: -Djava.util.logging.manager=org.apache.juli.ClassLoaderLogManager
01-Apr-2019 11:48:38.739 INFO [main] org.apache.catalina.startup.VersionLoggerListener.log Command line argument: -Djdk.tls.ephemeralDHKeySize=2048
01-Apr-2019 11:48:38.739 INFO [main] org.apache.catalina.startup.VersionLoggerListener.log Command line argument: -Djava.endorsed.dirs=/www/tomcat/endorsed
01-Apr-2019 11:48:38.739 INFO [main] org.apache.catalina.startup.VersionLoggerListener.log Command line argument: -Dcatalina.base=/www/tomcat
01-Apr-2019 11:48:38.739 INFO [main] org.apache.catalina.startup.VersionLoggerListener.log Command line argument: -Dcatalina.home=/www/tomcat
01-Apr-2019 11:48:38.739 INFO [main] org.apache.catalina.startup.VersionLoggerListener.log Command line argument: -Djava.io.tmpdir=/www/tomcat/temp
01-Apr-2019 11:48:38.740 INFO [main] org.apache.catalina.core.AprLifecycleListener.lifecycleEvent The APR based Apache Tomcat Native library which allows optimal performance in production environments was not found on the java.library.path: /usr/java/packages/lib/amd64:/usr/lib64:/lib64:/lib:/usr/lib
01-Apr-2019 11:48:39.068 INFO [main] org.apache.coyote.AbstractProtocol.init Initializing ProtocolHandler ["http-nio-8081"]
01-Apr-2019 11:48:39.102 INFO [main] org.apache.tomcat.util.net.NioSelectorPool.getSharedSelector Using a shared selector for servlet write/read
01-Apr-2019 11:48:39.106 INFO [main] org.apache.coyote.AbstractProtocol.init Initializing ProtocolHandler ["ajp-nio-8009"]
01-Apr-2019 11:48:39.160 INFO [main] org.apache.tomcat.util.net.NioSelectorPool.getSharedSelector Using a shared selector for servlet write/read
01-Apr-2019 11:48:39.161 INFO [main] org.apache.catalina.startup.Catalina.load Initialization processed in 1319 ms
01-Apr-2019 11:48:39.202 INFO [main] org.apache.catalina.core.StandardService.startInternal Starting service Catalina
01-Apr-2019 11:48:39.202 INFO [main] org.apache.catalina.core.StandardEngine.startInternal Starting Servlet Engine: Apache Tomcat/8.0.36
01-Apr-2019 11:48:39.213 INFO [localhost-startStop-1] org.apache.catalina.startup.HostConfig.deployDirectory Deploying web application directory /www/tomcat/webapps/ROOT
01-Apr-2019 11:48:39.827 INFO [localhost-startStop-1] org.apache.jasper.servlet.TldScanner.scanJars At least one JAR was scanned for TLDs yet contained no TLDs. Enable debug logging for this logger for a complete list of JARs that were scanned but no TLDs were found in them. Skipping unneeded JARs during scanning can improve startup time and JSP compilation time.
01-Apr-2019 11:48:39.913 INFO [localhost-startStop-1] org.apache.catalina.startup.HostConfig.deployDirectory Deployment of web application directory /www/tomcat/webapps/ROOT has finished in 699 ms
01-Apr-2019 11:48:39.913 INFO [localhost-startStop-1] org.apache.catalina.startup.HostConfig.deployDirectory Deploying web application directory /www/tomcat/webapps/advance-1.0.1
01-Apr-2019 11:48:46.028 INFO [localhost-startStop-1] org.apache.jasper.servlet.TldScanner.scanJars At least one JAR was scanned for TLDs yet contained no TLDs. Enable debug logging for this logger for a complete list of JARs that were scanned but no TLDs were found in them. Skipping unneeded JARs during scanning can improve startup time and JSP compilation time.
01-Apr-2019 11:49:00.296 INFO [localhost-startStop-1] org.apache.catalina.startup.HostConfig.deployDirectory Deployment of web application directory /www/tomcat/webapps/advance-1.0.1 has finished in 20,383 ms
01-Apr-2019 11:49:00.296 INFO [localhost-startStop-1] org.apache.catalina.startup.HostConfig.deployDirectory Deploying web application directory /www/tomcat/webapps/host-manager
01-Apr-2019 11:49:00.356 INFO [localhost-startStop-1] org.apache.jasper.servlet.TldScanner.scanJars At least one JAR was scanned for TLDs yet contained no TLDs. Enable debug logging for this logger for a complete list of JARs that were scanned but no TLDs were found in them. Skipping unneeded JARs during scanning can improve startup time and JSP compilation time.
01-Apr-2019 11:49:00.361 INFO [localhost-startStop-1] org.apache.catalina.startup.HostConfig.deployDirectory Deployment of web application directory /www/tomcat/webapps/host-manager has finished in 65 ms
01-Apr-2019 11:49:00.361 INFO [localhost-startStop-1] org.apache.catalina.startup.HostConfig.deployDirectory Deploying web application directory /www/tomcat/webapps/examples
01-Apr-2019 11:49:01.076 INFO [localhost-startStop-1] org.apache.jasper.servlet.TldScanner.scanJars At least one JAR was scanned for TLDs yet contained no TLDs. Enable debug logging for this logger for a complete list of JARs that were scanned but no TLDs were found in them. Skipping unneeded JARs during scanning can improve startup time and JSP compilation time.
01-Apr-2019 11:49:01.140 INFO [localhost-startStop-1] org.apache.catalina.startup.HostConfig.deployDirectory Deployment of web application directory /www/tomcat/webapps/examples has finished in 779 ms
01-Apr-2019 11:49:01.140 INFO [localhost-startStop-1] org.apache.catalina.startup.HostConfig.deployDirectory Deploying web application directory /www/tomcat/webapps/manager
01-Apr-2019 11:49:01.192 INFO [localhost-startStop-1] org.apache.jasper.servlet.TldScanner.scanJars At least one JAR was scanned for TLDs yet contained no TLDs. Enable debug logging for this logger for a complete list of JARs that were scanned but no TLDs were found in them. Skipping unneeded JARs during scanning can improve startup time and JSP compilation time.
01-Apr-2019 11:49:01.194 INFO [localhost-startStop-1] org.apache.catalina.startup.HostConfig.deployDirectory Deployment of web application directory /www/tomcat/webapps/manager has finished in 54 ms
01-Apr-2019 11:49:01.194 INFO [localhost-startStop-1] org.apache.catalina.startup.HostConfig.deployDirectory Deploying web application directory /www/tomcat/webapps/docs
01-Apr-2019 11:49:01.221 INFO [localhost-startStop-1] org.apache.jasper.servlet.TldScanner.scanJars At least one JAR was scanned for TLDs yet contained no TLDs. Enable debug logging for this logger for a complete list of JARs that were scanned but no TLDs were found in them. Skipping unneeded JARs during scanning can improve startup time and JSP compilation time.
01-Apr-2019 11:49:01.228 INFO [localhost-startStop-1] org.apache.catalina.startup.HostConfig.deployDirectory Deployment of web application directory /www/tomcat/webapps/docs has finished in 34 ms
01-Apr-2019 11:49:01.238 INFO [main] org.apache.coyote.AbstractProtocol.start Starting ProtocolHandler ["http-nio-8081"]
01-Apr-2019 11:49:01.243 INFO [main] org.apache.coyote.AbstractProtocol.start Starting ProtocolHandler ["ajp-nio-8009"]
01-Apr-2019 11:49:01.249 INFO [main] org.apache.catalina.startup.Catalina.start Server startup in 22088 ms
